<?xml version="1.0" encoding="UTF-8"?>
<testng-results ignored="0" total="18" passed="18" failed="0" skipped="0">
  <reporter-output>
  </reporter-output>
  <suite started-at="2022-11-15T18:55:57 IST" name="Default suite" finished-at="2022-11-15T19:00:42 IST" duration-ms="284668">
    <groups>
    </groups>
    <test started-at="2022-11-15T18:55:57 IST" name="Default test" finished-at="2022-11-15T19:00:42 IST" duration-ms="284668">
      <class name="project_name.tests.UsedCarsTest">
        <test-method is-config="true" signature="beforeMethodTest()[pri:0, instance:project_name.tests.UsedCarsTest@2a3b5b47]" started-at="2022-11-15T18:55:57 IST" name="beforeMethodTest" finished-at="2022-11-15T18:56:03 IST" duration-ms="6402" status="PASS">
          <reporter-output>
          </reporter-output>
        </test-method> <!-- beforeMethodTest -->
        <test-method signature="navigateUsedCars()[pri:1, instance:project_name.tests.UsedCarsTest@2a3b5b47]" started-at="2022-11-15T18:56:03 IST" name="navigateUsedCars" finished-at="2022-11-15T18:56:08 IST" duration-ms="5036" status="PASS">
          <reporter-output>
          </reporter-output>
        </test-method> <!-- navigateUsedCars -->
        <test-method is-config="true" signature="aftertest()[pri:0, instance:project_name.tests.UsedCarsTest@2a3b5b47]" started-at="2022-11-15T18:56:08 IST" name="aftertest" finished-at="2022-11-15T18:56:10 IST" duration-ms="1468" status="PASS">
          <reporter-output>
          </reporter-output>
        </test-method> <!-- aftertest -->
        <test-method is-config="true" signature="beforeMethodTest()[pri:0, instance:project_name.tests.UsedCarsTest@2a3b5b47]" started-at="2022-11-15T18:56:10 IST" name="beforeMethodTest" finished-at="2022-11-15T18:56:14 IST" duration-ms="4590" status="PASS">
          <reporter-output>
          </reporter-output>
        </test-method> <!-- beforeMethodTest -->
        <test-method signature="selectCitydelhi()[pri:2, instance:project_name.tests.UsedCarsTest@2a3b5b47]" started-at="2022-11-15T18:56:14 IST" name="selectCitydelhi" finished-at="2022-11-15T18:56:24 IST" duration-ms="9384" status="PASS">
          <reporter-output>
          </reporter-output>
        </test-method> <!-- selectCitydelhi -->
        <test-method is-config="true" signature="aftertest()[pri:0, instance:project_name.tests.UsedCarsTest@2a3b5b47]" started-at="2022-11-15T18:56:24 IST" name="aftertest" finished-at="2022-11-15T18:56:25 IST" duration-ms="1367" status="PASS">
          <reporter-output>
          </reporter-output>
        </test-method> <!-- aftertest -->
        <test-method is-config="true" signature="beforeMethodTest()[pri:0, instance:project_name.tests.UsedCarsTest@2a3b5b47]" started-at="2022-11-15T18:56:25 IST" name="beforeMethodTest" finished-at="2022-11-15T18:56:30 IST" duration-ms="4717" status="PASS">
          <reporter-output>
          </reporter-output>
        </test-method> <!-- beforeMethodTest -->
        <test-method signature="selectCityBanglore()[pri:3, instance:project_name.tests.UsedCarsTest@2a3b5b47]" started-at="2022-11-15T18:56:30 IST" name="selectCityBanglore" finished-at="2022-11-15T18:56:39 IST" duration-ms="9389" status="PASS">
          <reporter-output>
          </reporter-output>
        </test-method> <!-- selectCityBanglore -->
        <test-method is-config="true" signature="aftertest()[pri:0, instance:project_name.tests.UsedCarsTest@2a3b5b47]" started-at="2022-11-15T18:56:39 IST" name="aftertest" finished-at="2022-11-15T18:56:41 IST" duration-ms="1412" status="PASS">
          <reporter-output>
          </reporter-output>
        </test-method> <!-- aftertest -->
        <test-method is-config="true" signature="beforeMethodTest()[pri:0, instance:project_name.tests.UsedCarsTest@2a3b5b47]" started-at="2022-11-15T18:56:41 IST" name="beforeMethodTest" finished-at="2022-11-15T18:56:46 IST" duration-ms="4818" status="PASS">
          <reporter-output>
          </reporter-output>
        </test-method> <!-- beforeMethodTest -->
        <test-method signature="selectCityChennai()[pri:4, instance:project_name.tests.UsedCarsTest@2a3b5b47]" started-at="2022-11-15T18:56:46 IST" name="selectCityChennai" finished-at="2022-11-15T18:56:53 IST" duration-ms="7338" status="PASS">
          <reporter-output>
          </reporter-output>
        </test-method> <!-- selectCityChennai -->
        <test-method is-config="true" signature="aftertest()[pri:0, instance:project_name.tests.UsedCarsTest@2a3b5b47]" started-at="2022-11-15T18:56:53 IST" name="aftertest" finished-at="2022-11-15T18:56:54 IST" duration-ms="1503" status="PASS">
          <reporter-output>
          </reporter-output>
        </test-method> <!-- aftertest -->
        <test-method is-config="true" signature="beforeMethodTest()[pri:0, instance:project_name.tests.UsedCarsTest@2a3b5b47]" started-at="2022-11-15T18:56:54 IST" name="beforeMethodTest" finished-at="2022-11-15T18:56:59 IST" duration-ms="4643" status="PASS">
          <reporter-output>
          </reporter-output>
        </test-method> <!-- beforeMethodTest -->
        <test-method signature="carsUnder2Lakhs()[pri:5, instance:project_name.tests.UsedCarsTest@2a3b5b47]" started-at="2022-11-15T18:56:59 IST" name="carsUnder2Lakhs" finished-at="2022-11-15T18:57:08 IST" duration-ms="8450" status="PASS">
          <reporter-output>
          </reporter-output>
        </test-method> <!-- carsUnder2Lakhs -->
        <test-method is-config="true" signature="aftertest()[pri:0, instance:project_name.tests.UsedCarsTest@2a3b5b47]" started-at="2022-11-15T18:57:08 IST" name="aftertest" finished-at="2022-11-15T18:57:09 IST" duration-ms="1391" status="PASS">
          <reporter-output>
          </reporter-output>
        </test-method> <!-- aftertest -->
        <test-method is-config="true" signature="beforeMethodTest()[pri:0, instance:project_name.tests.UsedCarsTest@2a3b5b47]" started-at="2022-11-15T18:57:09 IST" name="beforeMethodTest" finished-at="2022-11-15T18:57:13 IST" duration-ms="4563" status="PASS">
          <reporter-output>
          </reporter-output>
        </test-method> <!-- beforeMethodTest -->
        <test-method signature="carsUnder5Lakhs()[pri:6, instance:project_name.tests.UsedCarsTest@2a3b5b47]" started-at="2022-11-15T18:57:13 IST" name="carsUnder5Lakhs" finished-at="2022-11-15T18:57:22 IST" duration-ms="8657" status="PASS">
          <reporter-output>
          </reporter-output>
        </test-method> <!-- carsUnder5Lakhs -->
        <test-method is-config="true" signature="aftertest()[pri:0, instance:project_name.tests.UsedCarsTest@2a3b5b47]" started-at="2022-11-15T18:57:22 IST" name="aftertest" finished-at="2022-11-15T18:57:26 IST" duration-ms="3544" status="PASS">
          <reporter-output>
          </reporter-output>
        </test-method> <!-- aftertest -->
        <test-method is-config="true" signature="beforeMethodTest()[pri:0, instance:project_name.tests.UsedCarsTest@2a3b5b47]" started-at="2022-11-15T18:57:26 IST" name="beforeMethodTest" finished-at="2022-11-15T18:57:31 IST" duration-ms="4872" status="PASS">
          <reporter-output>
          </reporter-output>
        </test-method> <!-- beforeMethodTest -->
        <test-method signature="carsUnder10Lakhs()[pri:7, instance:project_name.tests.UsedCarsTest@2a3b5b47]" started-at="2022-11-15T18:57:31 IST" name="carsUnder10Lakhs" finished-at="2022-11-15T18:57:39 IST" duration-ms="8217" status="PASS">
          <reporter-output>
          </reporter-output>
        </test-method> <!-- carsUnder10Lakhs -->
        <test-method is-config="true" signature="aftertest()[pri:0, instance:project_name.tests.UsedCarsTest@2a3b5b47]" started-at="2022-11-15T18:57:39 IST" name="aftertest" finished-at="2022-11-15T18:57:40 IST" duration-ms="1546" status="PASS">
          <reporter-output>
          </reporter-output>
        </test-method> <!-- aftertest -->
        <test-method is-config="true" signature="beforeMethodTest()[pri:0, instance:project_name.tests.UsedCarsTest@2a3b5b47]" started-at="2022-11-15T18:57:40 IST" name="beforeMethodTest" finished-at="2022-11-15T18:57:45 IST" duration-ms="4564" status="PASS">
          <reporter-output>
          </reporter-output>
        </test-method> <!-- beforeMethodTest -->
        <test-method signature="hyundaiI10Cars()[pri:8, instance:project_name.tests.UsedCarsTest@2a3b5b47]" started-at="2022-11-15T18:57:45 IST" name="hyundaiI10Cars" finished-at="2022-11-15T18:57:58 IST" duration-ms="12680" status="PASS">
          <reporter-output>
          </reporter-output>
        </test-method> <!-- hyundaiI10Cars -->
        <test-method is-config="true" signature="aftertest()[pri:0, instance:project_name.tests.UsedCarsTest@2a3b5b47]" started-at="2022-11-15T18:57:58 IST" name="aftertest" finished-at="2022-11-15T18:57:59 IST" duration-ms="1516" status="PASS">
          <reporter-output>
          </reporter-output>
        </test-method> <!-- aftertest -->
        <test-method is-config="true" signature="beforeMethodTest()[pri:0, instance:project_name.tests.UsedCarsTest@2a3b5b47]" started-at="2022-11-15T18:57:59 IST" name="beforeMethodTest" finished-at="2022-11-15T18:58:04 IST" duration-ms="4606" status="PASS">
          <reporter-output>
          </reporter-output>
        </test-method> <!-- beforeMethodTest -->
        <test-method signature="maruti800Cars()[pri:9, instance:project_name.tests.UsedCarsTest@2a3b5b47]" started-at="2022-11-15T18:58:04 IST" name="maruti800Cars" finished-at="2022-11-15T18:58:16 IST" duration-ms="12638" status="PASS">
          <reporter-output>
          </reporter-output>
        </test-method> <!-- maruti800Cars -->
        <test-method is-config="true" signature="aftertest()[pri:0, instance:project_name.tests.UsedCarsTest@2a3b5b47]" started-at="2022-11-15T18:58:16 IST" name="aftertest" finished-at="2022-11-15T18:58:18 IST" duration-ms="1467" status="PASS">
          <reporter-output>
          </reporter-output>
        </test-method> <!-- aftertest -->
        <test-method is-config="true" signature="beforeMethodTest()[pri:0, instance:project_name.tests.UsedCarsTest@2a3b5b47]" started-at="2022-11-15T18:58:18 IST" name="beforeMethodTest" finished-at="2022-11-15T18:58:23 IST" duration-ms="4771" status="PASS">
          <reporter-output>
          </reporter-output>
        </test-method> <!-- beforeMethodTest -->
        <test-method signature="marutiSwiftCars()[pri:9, instance:project_name.tests.UsedCarsTest@2a3b5b47]" started-at="2022-11-15T18:58:23 IST" name="marutiSwiftCars" finished-at="2022-11-15T18:58:35 IST" duration-ms="12733" status="PASS">
          <reporter-output>
          </reporter-output>
        </test-method> <!-- marutiSwiftCars -->
        <test-method is-config="true" signature="aftertest()[pri:0, instance:project_name.tests.UsedCarsTest@2a3b5b47]" started-at="2022-11-15T18:58:35 IST" name="aftertest" finished-at="2022-11-15T18:58:37 IST" duration-ms="1516" status="PASS">
          <reporter-output>
          </reporter-output>
        </test-method> <!-- aftertest -->
        <test-method is-config="true" signature="beforeMethodTest()[pri:0, instance:project_name.tests.UsedCarsTest@2a3b5b47]" started-at="2022-11-15T18:58:37 IST" name="beforeMethodTest" finished-at="2022-11-15T18:58:41 IST" duration-ms="4594" status="PASS">
          <reporter-output>
          </reporter-output>
        </test-method> <!-- beforeMethodTest -->
        <test-method signature="popularModelsList()[pri:10, instance:project_name.tests.UsedCarsTest@2a3b5b47]" started-at="2022-11-15T18:58:41 IST" name="popularModelsList" finished-at="2022-11-15T18:58:53 IST" duration-ms="11454" status="PASS">
          <reporter-output>
          </reporter-output>
        </test-method> <!-- popularModelsList -->
        <test-method is-config="true" signature="aftertest()[pri:0, instance:project_name.tests.UsedCarsTest@2a3b5b47]" started-at="2022-11-15T18:58:53 IST" name="aftertest" finished-at="2022-11-15T18:58:54 IST" duration-ms="1512" status="PASS">
          <reporter-output>
          </reporter-output>
        </test-method> <!-- aftertest -->
        <test-method is-config="true" signature="beforeMethodTest()[pri:0, instance:project_name.tests.UsedCarsTest@2a3b5b47]" started-at="2022-11-15T18:58:54 IST" name="beforeMethodTest" finished-at="2022-11-15T18:59:00 IST" duration-ms="5661" status="PASS">
          <reporter-output>
          </reporter-output>
        </test-method> <!-- beforeMethodTest -->
        <test-method signature="resetFilter()[pri:11, instance:project_name.tests.UsedCarsTest@2a3b5b47]" started-at="2022-11-15T18:59:00 IST" name="resetFilter" finished-at="2022-11-15T18:59:13 IST" duration-ms="12488" status="PASS">
          <reporter-output>
          </reporter-output>
        </test-method> <!-- resetFilter -->
        <test-method is-config="true" signature="aftertest()[pri:0, instance:project_name.tests.UsedCarsTest@2a3b5b47]" started-at="2022-11-15T18:59:13 IST" name="aftertest" finished-at="2022-11-15T18:59:14 IST" duration-ms="1614" status="PASS">
          <reporter-output>
          </reporter-output>
        </test-method> <!-- aftertest -->
        <test-method is-config="true" signature="beforeMethodTest()[pri:0, instance:project_name.tests.UsedCarsTest@2a3b5b47]" started-at="2022-11-15T18:59:14 IST" name="beforeMethodTest" finished-at="2022-11-15T18:59:20 IST" duration-ms="5934" status="PASS">
          <reporter-output>
          </reporter-output>
        </test-method> <!-- beforeMethodTest -->
        <test-method signature="sortByRevelency()[pri:12, instance:project_name.tests.UsedCarsTest@2a3b5b47]" started-at="2022-11-15T18:59:20 IST" name="sortByRevelency" finished-at="2022-11-15T18:59:26 IST" duration-ms="5936" status="PASS">
          <reporter-output>
          </reporter-output>
        </test-method> <!-- sortByRevelency -->
        <test-method is-config="true" signature="aftertest()[pri:0, instance:project_name.tests.UsedCarsTest@2a3b5b47]" started-at="2022-11-15T18:59:26 IST" name="aftertest" finished-at="2022-11-15T18:59:27 IST" duration-ms="1416" status="PASS">
          <reporter-output>
          </reporter-output>
        </test-method> <!-- aftertest -->
        <test-method is-config="true" signature="beforeMethodTest()[pri:0, instance:project_name.tests.UsedCarsTest@2a3b5b47]" started-at="2022-11-15T18:59:27 IST" name="beforeMethodTest" finished-at="2022-11-15T18:59:32 IST" duration-ms="4894" status="PASS">
          <reporter-output>
          </reporter-output>
        </test-method> <!-- beforeMethodTest -->
        <test-method signature="sortByRecency()[pri:13, instance:project_name.tests.UsedCarsTest@2a3b5b47]" started-at="2022-11-15T18:59:32 IST" name="sortByRecency" finished-at="2022-11-15T18:59:39 IST" duration-ms="6300" status="PASS">
          <reporter-output>
          </reporter-output>
        </test-method> <!-- sortByRecency -->
        <test-method is-config="true" signature="aftertest()[pri:0, instance:project_name.tests.UsedCarsTest@2a3b5b47]" started-at="2022-11-15T18:59:39 IST" name="aftertest" finished-at="2022-11-15T18:59:40 IST" duration-ms="1341" status="PASS">
          <reporter-output>
          </reporter-output>
        </test-method> <!-- aftertest -->
        <test-method is-config="true" signature="beforeMethodTest()[pri:0, instance:project_name.tests.UsedCarsTest@2a3b5b47]" started-at="2022-11-15T18:59:40 IST" name="beforeMethodTest" finished-at="2022-11-15T18:59:45 IST" duration-ms="4571" status="PASS">
          <reporter-output>
          </reporter-output>
        </test-method> <!-- beforeMethodTest -->
        <test-method signature="sortByKmsDrivenLow_High()[pri:14, instance:project_name.tests.UsedCarsTest@2a3b5b47]" started-at="2022-11-15T18:59:45 IST" name="sortByKmsDrivenLow_High" finished-at="2022-11-15T18:59:52 IST" duration-ms="7775" status="PASS">
          <reporter-output>
          </reporter-output>
        </test-method> <!-- sortByKmsDrivenLow_High -->
        <test-method is-config="true" signature="aftertest()[pri:0, instance:project_name.tests.UsedCarsTest@2a3b5b47]" started-at="2022-11-15T18:59:52 IST" name="aftertest" finished-at="2022-11-15T18:59:54 IST" duration-ms="1374" status="PASS">
          <reporter-output>
          </reporter-output>
        </test-method> <!-- aftertest -->
        <test-method is-config="true" signature="beforeMethodTest()[pri:0, instance:project_name.tests.UsedCarsTest@2a3b5b47]" started-at="2022-11-15T18:59:54 IST" name="beforeMethodTest" finished-at="2022-11-15T19:00:01 IST" duration-ms="7184" status="PASS">
          <reporter-output>
          </reporter-output>
        </test-method> <!-- beforeMethodTest -->
        <test-method signature="displayInList()[pri:15, instance:project_name.tests.UsedCarsTest@2a3b5b47]" started-at="2022-11-15T19:00:01 IST" name="displayInList" finished-at="2022-11-15T19:00:08 IST" duration-ms="6768" status="PASS">
          <reporter-output>
          </reporter-output>
        </test-method> <!-- displayInList -->
        <test-method is-config="true" signature="aftertest()[pri:0, instance:project_name.tests.UsedCarsTest@2a3b5b47]" started-at="2022-11-15T19:00:08 IST" name="aftertest" finished-at="2022-11-15T19:00:09 IST" duration-ms="1529" status="PASS">
          <reporter-output>
          </reporter-output>
        </test-method> <!-- aftertest -->
        <test-method is-config="true" signature="beforeMethodTest()[pri:0, instance:project_name.tests.UsedCarsTest@2a3b5b47]" started-at="2022-11-15T19:00:09 IST" name="beforeMethodTest" finished-at="2022-11-15T19:00:14 IST" duration-ms="4689" status="PASS">
          <reporter-output>
          </reporter-output>
        </test-method> <!-- beforeMethodTest -->
        <test-method signature="displayInGrid()[pri:16, instance:project_name.tests.UsedCarsTest@2a3b5b47]" started-at="2022-11-15T19:00:14 IST" name="displayInGrid" finished-at="2022-11-15T19:00:23 IST" duration-ms="9063" status="PASS">
          <reporter-output>
          </reporter-output>
        </test-method> <!-- displayInGrid -->
        <test-method is-config="true" signature="aftertest()[pri:0, instance:project_name.tests.UsedCarsTest@2a3b5b47]" started-at="2022-11-15T19:00:23 IST" name="aftertest" finished-at="2022-11-15T19:00:24 IST" duration-ms="1404" status="PASS">
          <reporter-output>
          </reporter-output>
        </test-method> <!-- aftertest -->
        <test-method is-config="true" signature="beforeMethodTest()[pri:0, instance:project_name.tests.UsedCarsTest@2a3b5b47]" started-at="2022-11-15T19:00:24 IST" name="beforeMethodTest" finished-at="2022-11-15T19:00:29 IST" duration-ms="4587" status="PASS">
          <reporter-output>
          </reporter-output>
        </test-method> <!-- beforeMethodTest -->
        <test-method signature="modelSeacrch()[pri:17, instance:project_name.tests.UsedCarsTest@2a3b5b47]" started-at="2022-11-15T19:00:29 IST" name="modelSeacrch" finished-at="2022-11-15T19:00:40 IST" duration-ms="11198" status="PASS">
          <reporter-output>
          </reporter-output>
        </test-method> <!-- modelSeacrch -->
        <test-method is-config="true" signature="aftertest()[pri:0, instance:project_name.tests.UsedCarsTest@2a3b5b47]" started-at="2022-11-15T19:00:40 IST" name="aftertest" finished-at="2022-11-15T19:00:42 IST" duration-ms="1502" status="PASS">
          <reporter-output>
          </reporter-output>
        </test-method> <!-- aftertest -->
      </class> <!-- project_name.tests.UsedCarsTest -->
    </test> <!-- Default test -->
  </suite> <!-- Default suite -->
</testng-results>
