<?xml version="1.0" encoding="UTF-8"?>
<testng-results ignored="0" total="4" passed="4" failed="0" skipped="0">
  <reporter-output>
  </reporter-output>
  <suite started-at="2022-11-15T12:08:23 IST" name="Default suite" finished-at="2022-11-15T12:09:55 IST" duration-ms="91574">
    <groups>
    </groups>
    <test started-at="2022-11-15T12:08:23 IST" name="Default test" finished-at="2022-11-15T12:09:55 IST" duration-ms="91574">
      <class name="project_name.tests.UsedCarsTest">
        <test-method is-config="true" signature="beforeMethodTest()[pri:0, instance:project_name.tests.UsedCarsTest@1a482e36]" started-at="2022-11-15T12:08:23 IST" name="beforeMethodTest" finished-at="2022-11-15T12:08:35 IST" duration-ms="11575" status="PASS">
          <reporter-output>
          </reporter-output>
        </test-method> <!-- beforeMethodTest -->
        <test-method signature="navigateUsedCars()[pri:1, instance:project_name.tests.UsedCarsTest@1a482e36]" started-at="2022-11-15T12:08:35 IST" name="navigateUsedCars" finished-at="2022-11-15T12:08:41 IST" duration-ms="6313" status="PASS">
          <reporter-output>
          </reporter-output>
        </test-method> <!-- navigateUsedCars -->
        <test-method is-config="true" signature="aftertest()[pri:0, instance:project_name.tests.UsedCarsTest@1a482e36]" started-at="2022-11-15T12:08:41 IST" name="aftertest" finished-at="2022-11-15T12:08:44 IST" duration-ms="2907" status="PASS">
          <reporter-output>
          </reporter-output>
        </test-method> <!-- aftertest -->
        <test-method is-config="true" signature="beforeMethodTest()[pri:0, instance:project_name.tests.UsedCarsTest@1a482e36]" started-at="2022-11-15T12:08:44 IST" name="beforeMethodTest" finished-at="2022-11-15T12:08:56 IST" duration-ms="11538" status="PASS">
          <reporter-output>
          </reporter-output>
        </test-method> <!-- beforeMethodTest -->
        <test-method signature="selectCitydelhi()[pri:2, instance:project_name.tests.UsedCarsTest@1a482e36]" started-at="2022-11-15T12:08:56 IST" name="selectCitydelhi" finished-at="2022-11-15T12:09:05 IST" duration-ms="9476" status="PASS">
          <reporter-output>
          </reporter-output>
        </test-method> <!-- selectCitydelhi -->
        <test-method is-config="true" signature="aftertest()[pri:0, instance:project_name.tests.UsedCarsTest@1a482e36]" started-at="2022-11-15T12:09:05 IST" name="aftertest" finished-at="2022-11-15T12:09:08 IST" duration-ms="2971" status="PASS">
          <reporter-output>
          </reporter-output>
        </test-method> <!-- aftertest -->
        <test-method is-config="true" signature="beforeMethodTest()[pri:0, instance:project_name.tests.UsedCarsTest@1a482e36]" started-at="2022-11-15T12:09:08 IST" name="beforeMethodTest" finished-at="2022-11-15T12:09:17 IST" duration-ms="8494" status="PASS">
          <reporter-output>
          </reporter-output>
        </test-method> <!-- beforeMethodTest -->
        <test-method signature="selectCityBanglore()[pri:3, instance:project_name.tests.UsedCarsTest@1a482e36]" started-at="2022-11-15T12:09:17 IST" name="selectCityBanglore" finished-at="2022-11-15T12:09:28 IST" duration-ms="11484" status="PASS">
          <reporter-output>
          </reporter-output>
        </test-method> <!-- selectCityBanglore -->
        <test-method is-config="true" signature="aftertest()[pri:0, instance:project_name.tests.UsedCarsTest@1a482e36]" started-at="2022-11-15T12:09:28 IST" name="aftertest" finished-at="2022-11-15T12:09:31 IST" duration-ms="2515" status="PASS">
          <reporter-output>
          </reporter-output>
        </test-method> <!-- aftertest -->
        <test-method is-config="true" signature="beforeMethodTest()[pri:0, instance:project_name.tests.UsedCarsTest@1a482e36]" started-at="2022-11-15T12:09:31 IST" name="beforeMethodTest" finished-at="2022-11-15T12:09:43 IST" duration-ms="12131" status="PASS">
          <reporter-output>
          </reporter-output>
        </test-method> <!-- beforeMethodTest -->
        <test-method signature="selectCityChennai()[pri:4, instance:project_name.tests.UsedCarsTest@1a482e36]" started-at="2022-11-15T12:09:43 IST" name="selectCityChennai" finished-at="2022-11-15T12:09:52 IST" duration-ms="9421" status="PASS">
          <reporter-output>
          </reporter-output>
        </test-method> <!-- selectCityChennai -->
        <test-method is-config="true" signature="aftertest()[pri:0, instance:project_name.tests.UsedCarsTest@1a482e36]" started-at="2022-11-15T12:09:52 IST" name="aftertest" finished-at="2022-11-15T12:09:55 IST" duration-ms="2642" status="PASS">
          <reporter-output>
          </reporter-output>
        </test-method> <!-- aftertest -->
      </class> <!-- project_name.tests.UsedCarsTest -->
    </test> <!-- Default test -->
  </suite> <!-- Default suite -->
</testng-results>
