<?xml version="1.0" encoding="UTF-8"?>
<!-- Generated by org.testng.reporters.JUnitXMLReporter -->
<testsuite ignored="0" hostname="JOKINGLUCIFER" failures="0" tests="4" name="Default test" time="91.574" errors="0" timestamp="2022-11-15T12:09:55 IST">
  <testcase classname="project_name.tests.UsedCarsTest" name="navigateUsedCars" time="6.313"/>
  <testcase classname="project_name.tests.UsedCarsTest" name="selectCitydelhi" time="9.476"/>
  <testcase classname="project_name.tests.UsedCarsTest" name="selectCityBanglore" time="11.484"/>
  <testcase classname="project_name.tests.UsedCarsTest" name="selectCityChennai" time="9.421"/>
</testsuite> <!-- Default test -->
