<?xml version="1.0" encoding="UTF-8"?>
<!-- Generated by org.testng.reporters.JUnitXMLReporter -->
<testsuite ignored="0" hostname="JOKINGLUCIFER" failures="0" tests="18" name="Default test" time="284.668" errors="0" timestamp="2022-11-15T19:00:42 IST">
  <testcase classname="project_name.tests.UsedCarsTest" name="navigateUsedCars" time="5.036"/>
  <testcase classname="project_name.tests.UsedCarsTest" name="selectCitydelhi" time="9.384"/>
  <testcase classname="project_name.tests.UsedCarsTest" name="selectCityBanglore" time="9.389"/>
  <testcase classname="project_name.tests.UsedCarsTest" name="selectCityChennai" time="7.338"/>
  <testcase classname="project_name.tests.UsedCarsTest" name="carsUnder2Lakhs" time="8.45"/>
  <testcase classname="project_name.tests.UsedCarsTest" name="carsUnder5Lakhs" time="8.657"/>
  <testcase classname="project_name.tests.UsedCarsTest" name="carsUnder10Lakhs" time="8.217"/>
  <testcase classname="project_name.tests.UsedCarsTest" name="hyundaiI10Cars" time="12.68"/>
  <testcase classname="project_name.tests.UsedCarsTest" name="maruti800Cars" time="12.638"/>
  <testcase classname="project_name.tests.UsedCarsTest" name="marutiSwiftCars" time="12.733"/>
  <testcase classname="project_name.tests.UsedCarsTest" name="popularModelsList" time="11.454"/>
  <testcase classname="project_name.tests.UsedCarsTest" name="resetFilter" time="12.488"/>
  <testcase classname="project_name.tests.UsedCarsTest" name="sortByRevelency" time="5.936"/>
  <testcase classname="project_name.tests.UsedCarsTest" name="sortByRecency" time="6.3"/>
  <testcase classname="project_name.tests.UsedCarsTest" name="sortByKmsDrivenLow_High" time="7.775"/>
  <testcase classname="project_name.tests.UsedCarsTest" name="displayInList" time="6.768"/>
  <testcase classname="project_name.tests.UsedCarsTest" name="displayInGrid" time="9.063"/>
  <testcase classname="project_name.tests.UsedCarsTest" name="modelSeacrch" time="11.198"/>
</testsuite> <!-- Default test -->
